==4048== NVPROF is profiling process 4048, command: /users/klye/alsvinn/build/alsuqcli/alsuqcli kelvinhelmholtz_3d_tube/kelvinhelmholtz.xml
[2019-02-21 04:13:14.573504] [0x00002aaaaab60f00] [info]    Number of GPUs on node: 1
omp max threads= 1
==4048== Some kernel(s) will be replayed on device 0 in order to collect all events/metrics.
==4048== Generated result file: /scratch/snx3000/klye/alsvinn_metrics/configs/nx_128/output_128.nvprof
 
Batch Job Summary Report for Job "nvproftimeline_128" (11955056) on daint
-----------------------------------------------------------------------------------------------------
             Submit            Eligible               Start                 End    Elapsed  Timelimit 
------------------- ------------------- ------------------- ------------------- ---------- ---------- 
2019-02-21T04:12:34 2019-02-21T04:12:34 2019-02-21T04:12:43 2019-02-21T04:32:42   00:19:59 1-00:00:00 
-----------------------------------------------------------------------------------------------------
Username    Account     Partition   NNodes   Energy
----------  ----------  ----------  ------  --------------
klye        s839        normal           1  156.29K joules
----------------------------------------------------------
gpusecs  maxgpusecs        maxmem            summem
-------  ----------  ------------  ----------------
    442         442    1668284416        1973420032
----------------------------------------------------------
Scratch File System        Files       Quota
--------------------  ----------  ----------
/scratch/snx3000            1840     1000000
 
