==8480== NVPROF is profiling process 8480, command: /users/klye/alsvinn/build/alsuqcli/alsuqcli kelvinhelmholtz_3d_tube/kelvinhelmholtz.xml
[2019-09-05 13:43:35.708623] [0x00002aaaaab6e340] [info]    Number of GPUs on node: 1
omp max threads= 1
==8480== Some kernel(s) will be replayed on device 0 in order to collect all events/metrics.
==8480== Generated result file: /scratch/snx3000/klye/alsvinn_metrics/configs/nx_16/output_16.nvprof
 
Batch Job Summary Report for Job "nvproftimeline_16" (16598558) on daint
-----------------------------------------------------------------------------------------------------
             Submit            Eligible               Start                 End    Elapsed  Timelimit 
------------------- ------------------- ------------------- ------------------- ---------- ---------- 
2019-09-05T13:33:38 2019-09-05T13:33:38 2019-09-05T13:43:18 2019-09-05T13:44:35   00:01:17 1-00:00:00 
-----------------------------------------------------------------------------------------------------
Username    Account     Partition   NNodes   Energy
----------  ----------  ----------  ------  --------------
klye        s913        normal           1    6.54K joules
----------------------------------------------------------
gpusecs  maxgpusecs        maxmem            summem
-------  ----------  ------------  ----------------
      1           1     328204288         633339904
----------------------------------------------------------
Scratch File System        Files       Quota
--------------------  ----------  ----------
/scratch/snx3000          331614     1000000
 
